=== EXTRACT 2026-07-03 17:05:53 ===
2026-07-03T17:05:54 [WARNING] batch_extract - .env not found at /opt/airflow/.env, using defaults
2026-07-03T17:05:54 [INFO] batch_extract - Batch Extract mulai  mengambil 365 hari terakhir
2026-07-03T17:05:54 [INFO] batch_extract - Loaded 5 stations for Surakarta
2026-07-03T17:05:55 [INFO] batch_extract - Fetching SKA1 (SKA1 - Banjarsari)...
2026-07-03T17:05:55 [INFO] batch_extract - Fetching SKA2 (SKA2 - Jebres)...
2026-07-03T17:05:55 [INFO] batch_extract - Fetching SKA3 (SKA3 - Laweyan)...
2026-07-03T17:05:55 [INFO] batch_extract - Fetching SKA4 (SKA4 - Pasar Kliwon)...
2026-07-03T17:05:55 [INFO] batch_extract - Fetching SKA5 (SKA5 - Serengan)...
2026-07-03T17:05:59 [INFO] batch_extract - Uploaded batch_SKA4.csv (8784 rows, 1176.6 KB)
2026-07-03T17:05:59 [INFO] batch_extract - Selesai SKA4: 8784 rows
2026-07-03T17:05:59 [INFO] batch_extract - Uploaded batch_SKA5.csv (8784 rows, 1099.3 KB)
2026-07-03T17:05:59 [INFO] batch_extract - Selesai SKA5: 8784 rows
2026-07-03T17:05:59 [INFO] batch_extract - Uploaded batch_SKA1.csv (8784 rows, 1142.4 KB)
2026-07-03T17:05:59 [INFO] batch_extract - Selesai SKA1: 8784 rows
2026-07-03T17:05:59 [INFO] batch_extract - Uploaded batch_SKA3.csv (8784 rows, 1090.8 KB)
2026-07-03T17:05:59 [INFO] batch_extract - Uploaded batch_SKA2.csv (8784 rows, 1073.5 KB)
2026-07-03T17:05:59 [INFO] batch_extract - Selesai SKA3: 8784 rows
2026-07-03T17:05:59 [INFO] batch_extract - Selesai SKA2: 8784 rows
2026-07-03T17:05:59 [INFO] batch_extract - Batch Extract selesai  total 43920 rows
