=== BATCH ETL RUN #2 2026-07-03 09:27:43 ===
WARNING: Using incubator modules: jdk.incubator.vector
:: loading settings :: url = jar:file:/opt/bitnami/spark/jars/ivy-2.5.3.jar!/org/apache/ivy/core/settings/ivysettings.xml
Ivy Default Cache set to: /tmp/.ivy2/cache
The jars for the packages stored in: /tmp/.ivy2/jars
org.postgresql#postgresql added as a dependency
:: resolving dependencies :: org.apache.spark#spark-submit-parent-2acefb45-ee05-4226-a205-56eb01c1cc33;1.0
	confs: [default]
	found org.postgresql#postgresql;42.7.1 in central
	found org.checkerframework#checker-qual;3.41.0 in central
:: resolution report :: resolve 162ms :: artifacts dl 4ms
	:: modules in use:
	org.checkerframework#checker-qual;3.41.0 from central in [default]
	org.postgresql#postgresql;42.7.1 from central in [default]
	---------------------------------------------------------------------
	|                  |            modules            ||   artifacts   |
	|       conf       | number| search|dwnlded|evicted|| number|dwnlded|
	---------------------------------------------------------------------
	|      default     |   2   |   0   |   0   |   0   ||   2   |   0   |
	---------------------------------------------------------------------
:: retrieving :: org.apache.spark#spark-submit-parent-2acefb45-ee05-4226-a205-56eb01c1cc33
	confs: [default]
	0 artifacts copied, 2 already retrieved (0kB/6ms)
26/07/03 02:27:47 WARN NativeCodeLoader: Unable to load native-hadoop library for your platform... using builtin-java classes where applicable
2026-07-03T02:27:48 [INFO] batch_etl - Batch ETL mulai...
Using Spark's default log4j profile: org/apache/spark/log4j2-defaults.properties
26/07/03 02:27:48 INFO SparkContext: Running Spark version 4.0.0
26/07/03 02:27:48 INFO SparkContext: OS info Linux, 6.18.33.1-microsoft-standard-WSL2, amd64
26/07/03 02:27:48 INFO SparkContext: Java version 17.0.15
26/07/03 02:27:48 INFO ResourceUtils: ==============================================================
26/07/03 02:27:48 INFO ResourceUtils: No custom resources configured for spark.driver.
26/07/03 02:27:48 INFO ResourceUtils: ==============================================================
26/07/03 02:27:48 INFO SparkContext: Submitted application: AQI-Watch-BatchETL
26/07/03 02:27:48 INFO ResourceProfile: Default ResourceProfile created, executor resources: Map(cores -> name: cores, amount: 1, script: , vendor: , memory -> name: memory, amount: 1024, script: , vendor: , offHeap -> name: offHeap, amount: 0, script: , vendor: ), task resources: Map(cpus -> name: cpus, amount: 1.0)
26/07/03 02:27:48 INFO ResourceProfile: Limiting resource is cpu
26/07/03 02:27:48 INFO ResourceProfileManager: Added ResourceProfile id: 0
26/07/03 02:27:49 INFO SecurityManager: Changing view acls to: root,spark
26/07/03 02:27:49 INFO SecurityManager: Changing modify acls to: root,spark
26/07/03 02:27:49 INFO SecurityManager: Changing view acls groups to: root,spark
26/07/03 02:27:49 INFO SecurityManager: Changing modify acls groups to: root,spark
26/07/03 02:27:49 INFO SecurityManager: SecurityManager: authentication disabled; ui acls disabled; users with view permissions: root, spark groups with view permissions: EMPTY; users with modify permissions: root, spark; groups with modify permissions: EMPTY; RPC SSL disabled
26/07/03 02:27:49 INFO Utils: Successfully started service 'sparkDriver' on port 34277.
26/07/03 02:27:49 INFO SparkEnv: Registering MapOutputTracker
26/07/03 02:27:49 INFO SparkEnv: Registering BlockManagerMaster
26/07/03 02:27:49 INFO BlockManagerMasterEndpoint: Using org.apache.spark.storage.DefaultTopologyMapper for getting topology information
26/07/03 02:27:49 INFO BlockManagerMasterEndpoint: BlockManagerMasterEndpoint up
26/07/03 02:27:49 INFO SparkEnv: Registering BlockManagerMasterHeartbeat
26/07/03 02:27:49 INFO DiskBlockManager: Created local directory at /tmp/blockmgr-4dc531db-3c83-44a2-9371-57125928c107
26/07/03 02:27:49 INFO SparkEnv: Registering OutputCommitCoordinator
26/07/03 02:27:49 INFO JettyUtils: Start Jetty 0.0.0.0:4040 for SparkUI
26/07/03 02:27:49 INFO Utils: Successfully started service 'SparkUI' on port 4040.
26/07/03 02:27:49 INFO SparkContext: Added JAR file:///tmp/.ivy2/jars/org.postgresql_postgresql-42.7.1.jar at spark://821739e20134:34277/jars/org.postgresql_postgresql-42.7.1.jar with timestamp 1783045668884
26/07/03 02:27:49 INFO SparkContext: Added JAR file:///tmp/.ivy2/jars/org.checkerframework_checker-qual-3.41.0.jar at spark://821739e20134:34277/jars/org.checkerframework_checker-qual-3.41.0.jar with timestamp 1783045668884
26/07/03 02:27:49 INFO SparkContext: Added file file:///tmp/.ivy2/jars/org.postgresql_postgresql-42.7.1.jar at file:///tmp/.ivy2/jars/org.postgresql_postgresql-42.7.1.jar with timestamp 1783045668884
26/07/03 02:27:49 INFO Utils: Copying /tmp/.ivy2/jars/org.postgresql_postgresql-42.7.1.jar to /tmp/spark-f82713d3-084c-44f1-9374-80c2930f88dd/userFiles-1cd60e1b-b5d6-44c1-a52c-83c4fadccf52/org.postgresql_postgresql-42.7.1.jar
26/07/03 02:27:49 INFO SparkContext: Added file file:///tmp/.ivy2/jars/org.checkerframework_checker-qual-3.41.0.jar at file:///tmp/.ivy2/jars/org.checkerframework_checker-qual-3.41.0.jar with timestamp 1783045668884
26/07/03 02:27:49 INFO Utils: Copying /tmp/.ivy2/jars/org.checkerframework_checker-qual-3.41.0.jar to /tmp/spark-f82713d3-084c-44f1-9374-80c2930f88dd/userFiles-1cd60e1b-b5d6-44c1-a52c-83c4fadccf52/org.checkerframework_checker-qual-3.41.0.jar
26/07/03 02:27:49 INFO SecurityManager: Changing view acls to: root,spark
26/07/03 02:27:49 INFO SecurityManager: Changing modify acls to: root,spark
26/07/03 02:27:49 INFO SecurityManager: Changing view acls groups to: root,spark
26/07/03 02:27:49 INFO SecurityManager: Changing modify acls groups to: root,spark
26/07/03 02:27:49 INFO SecurityManager: SecurityManager: authentication disabled; ui acls disabled; users with view permissions: root, spark groups with view permissions: EMPTY; users with modify permissions: root, spark; groups with modify permissions: EMPTY; RPC SSL disabled
26/07/03 02:27:50 INFO Executor: Starting executor ID driver on host 821739e20134
26/07/03 02:27:50 INFO Executor: OS info Linux, 6.18.33.1-microsoft-standard-WSL2, amd64
26/07/03 02:27:50 INFO Executor: Java version 17.0.15
26/07/03 02:27:50 INFO Executor: Starting executor with user classpath (userClassPathFirst = false): ''
26/07/03 02:27:50 INFO Executor: Created or updated repl class loader org.apache.spark.util.MutableURLClassLoader@45c2e06b for default.
26/07/03 02:27:50 INFO Executor: Fetching file:///tmp/.ivy2/jars/org.postgresql_postgresql-42.7.1.jar with timestamp 1783045668884
26/07/03 02:27:50 INFO Utils: /tmp/.ivy2/jars/org.postgresql_postgresql-42.7.1.jar has been previously copied to /tmp/spark-f82713d3-084c-44f1-9374-80c2930f88dd/userFiles-1cd60e1b-b5d6-44c1-a52c-83c4fadccf52/org.postgresql_postgresql-42.7.1.jar
26/07/03 02:27:50 INFO Executor: Fetching file:///tmp/.ivy2/jars/org.checkerframework_checker-qual-3.41.0.jar with timestamp 1783045668884
26/07/03 02:27:50 INFO Utils: /tmp/.ivy2/jars/org.checkerframework_checker-qual-3.41.0.jar has been previously copied to /tmp/spark-f82713d3-084c-44f1-9374-80c2930f88dd/userFiles-1cd60e1b-b5d6-44c1-a52c-83c4fadccf52/org.checkerframework_checker-qual-3.41.0.jar
26/07/03 02:27:50 INFO Executor: Fetching spark://821739e20134:34277/jars/org.checkerframework_checker-qual-3.41.0.jar with timestamp 1783045668884
26/07/03 02:27:50 INFO TransportClientFactory: Successfully created connection to 821739e20134/172.18.0.8:34277 after 36 ms (0 ms spent in bootstraps)
26/07/03 02:27:50 INFO Utils: Fetching spark://821739e20134:34277/jars/org.checkerframework_checker-qual-3.41.0.jar to /tmp/spark-f82713d3-084c-44f1-9374-80c2930f88dd/userFiles-1cd60e1b-b5d6-44c1-a52c-83c4fadccf52/fetchFileTemp18254392490190821007.tmp
26/07/03 02:27:50 INFO Utils: /tmp/spark-f82713d3-084c-44f1-9374-80c2930f88dd/userFiles-1cd60e1b-b5d6-44c1-a52c-83c4fadccf52/fetchFileTemp18254392490190821007.tmp has been previously copied to /tmp/spark-f82713d3-084c-44f1-9374-80c2930f88dd/userFiles-1cd60e1b-b5d6-44c1-a52c-83c4fadccf52/org.checkerframework_checker-qual-3.41.0.jar
26/07/03 02:27:50 INFO Executor: Adding file:/tmp/spark-f82713d3-084c-44f1-9374-80c2930f88dd/userFiles-1cd60e1b-b5d6-44c1-a52c-83c4fadccf52/org.checkerframework_checker-qual-3.41.0.jar to class loader default
26/07/03 02:27:50 INFO Executor: Fetching spark://821739e20134:34277/jars/org.postgresql_postgresql-42.7.1.jar with timestamp 1783045668884
26/07/03 02:27:50 INFO Utils: Fetching spark://821739e20134:34277/jars/org.postgresql_postgresql-42.7.1.jar to /tmp/spark-f82713d3-084c-44f1-9374-80c2930f88dd/userFiles-1cd60e1b-b5d6-44c1-a52c-83c4fadccf52/fetchFileTemp16606203096573565510.tmp
26/07/03 02:27:50 INFO Utils: /tmp/spark-f82713d3-084c-44f1-9374-80c2930f88dd/userFiles-1cd60e1b-b5d6-44c1-a52c-83c4fadccf52/fetchFileTemp16606203096573565510.tmp has been previously copied to /tmp/spark-f82713d3-084c-44f1-9374-80c2930f88dd/userFiles-1cd60e1b-b5d6-44c1-a52c-83c4fadccf52/org.postgresql_postgresql-42.7.1.jar
26/07/03 02:27:50 INFO Executor: Adding file:/tmp/spark-f82713d3-084c-44f1-9374-80c2930f88dd/userFiles-1cd60e1b-b5d6-44c1-a52c-83c4fadccf52/org.postgresql_postgresql-42.7.1.jar to class loader default
26/07/03 02:27:50 INFO Utils: Successfully started service 'org.apache.spark.network.netty.NettyBlockTransferService' on port 46445.
26/07/03 02:27:50 INFO NettyBlockTransferService: Server created on 821739e20134:46445
26/07/03 02:27:50 INFO BlockManager: Using org.apache.spark.storage.RandomBlockReplicationPolicy for block replication policy
26/07/03 02:27:50 INFO BlockManagerMaster: Registering BlockManager BlockManagerId(driver, 821739e20134, 46445, None)
26/07/03 02:27:50 INFO BlockManagerMasterEndpoint: Registering block manager 821739e20134:46445 with 434.4 MiB RAM, BlockManagerId(driver, 821739e20134, 46445, None)
26/07/03 02:27:50 INFO BlockManagerMaster: Registered BlockManager BlockManagerId(driver, 821739e20134, 46445, None)
26/07/03 02:27:50 INFO BlockManager: Initialized BlockManager: BlockManagerId(driver, 821739e20134, 46445, None)
2026-07-03T02:27:54 [INFO] batch_etl - Download 55 file CSV ke /tmp/batch_etl_ltwj9xlr
2026-07-03T02:27:54 [INFO] batch_etl - Membaca 55 file CSV dari lokal
2026-07-03T02:28:02 [INFO] batch_etl - Jumlah baris terbaca: 483120
2026-07-03T02:28:04 [INFO] batch_etl - Mulai cleaning data...
26/07/03 02:28:58 WARN DAGScheduler: Broadcasting large task binary with size 1167.0 KiB
26/07/03 02:29:00 WARN DAGScheduler: Broadcasting large task binary with size 1174.7 KiB
26/07/03 02:29:00 WARN DAGScheduler: Broadcasting large task binary with size 1174.7 KiB
2026-07-03T02:29:00 [INFO] batch_etl - DropNA: 483120 -> 483120 (hapus 0 karena null)
26/07/03 02:29:00 WARN DAGScheduler: Broadcasting large task binary with size 1174.7 KiB
2026-07-03T02:29:01 [INFO] batch_etl - Cleaning: 483120 -> 483120 (hapus 0)
26/07/03 02:29:01 WARN DAGScheduler: Broadcasting large task binary with size 1174.7 KiB
26/07/03 02:29:01 WARN DAGScheduler: Broadcasting large task binary with size 1186.1 KiB
2026-07-03T02:29:03 [INFO] batch_etl - Agregasi harian: 1835 baris
26/07/03 02:29:03 WARN DAGScheduler: Broadcasting large task binary with size 1186.1 KiB
2026-07-03T02:29:04 [INFO] batch_etl - Menulis 1835 baris ke PostgreSQL tabel: daily_aqi
26/07/03 02:29:04 WARN SparkStringUtils: Truncated the string representation of a plan since it was too large. This behavior can be adjusted by setting 'spark.sql.debug.maxToStringFields'.
26/07/03 02:29:04 WARN DAGScheduler: Broadcasting large task binary with size 1197.5 KiB
2026-07-03T02:29:09 [INFO] batch_etl - Insert 1835 baris ke daily_aqi (duplikat skip)
26/07/03 02:29:09 WARN DAGScheduler: Broadcasting large task binary with size 1186.1 KiB
2026-07-03T02:29:10 [INFO] batch_etl - Menulis 1835 baris ke MinIO: /tmp/batch_etl_ltwj9xlr
26/07/03 02:29:10 WARN DAGScheduler: Broadcasting large task binary with size 1197.5 KiB
2026-07-03T02:30:18 [INFO] batch_etl - Berhasil upload daily_aqi ke MinIO
2026-07-03T02:30:18 [INFO] batch_etl - Batch ETL selesai.
2026-07-03T02:30:19 [INFO] batch_etl - Closing down clientserver connection
